s
tts_sync_state all 1 0 175
c { }
q {Type  }
c { }
q {M-RET }
c { }
q {on  }
c { }
q {a  }
c { }
q {completion  }
c { }
q {to  }
c { }
q {select  }
c { }
q {it.  }
c { }
q {Type  }
c { }
q {M- }
c { }
q {less  }
c { }
q {than  }
c { }
q {down }
c { }
q {greater  }
c { }
q {than   }
c { }
q {or  }
c { }
q {M- }
c { }
q {less  }
c { }
q {than  }
c { }
q {up }
c { }
q {greater  }
c { }
q {than   }
c { }
q {to  }
c { }
q {move  }
c { }
q {point  }
c { }
q {between  }
c { }
q {completions.   }
c { }
c {   }
q {16 }
c { }
c {   }
c { }
c { }
c {   }
q {possible  }
c { }
c { }
c {   }
q {completions: }
c { }
c {   }
c { }
c { }
c {   }
q {p }
c { }
q {ort 	 }
c { }
c {   }
q {p }
c { }
q {ort-ascending-sort  }
c { }
c {   }
q {p }
c { }
q {ort-collapse-entry 	 }
c { }
c {   }
q {p }
c { }
q {ort-compare-profile  }
c { }
c {   }
q {p }
c { }
q {ort-descending-sort 	 }
c { }
c {   }
q {p }
c { }
q {ort-describe-entry  }
c { }
c {   }
q {p }
c { }
q {ort-expand-entry 	 }
c { }
c {   }
q {p }
c { }
q {ort-find-entry  }
c { }
c {   }
q {p }
c { }
q {ort-mode 	 }
c { }
c {   }
q {p }
c { }
q {ort-next-entry  }
c { }
c {   }
q {p }
c { }
q {ort-previous-entry 	 }
c { }
c {   }
q {p }
c { }
q {ort-render-calltree  }
c { }
c {   }
q {p }
c { }
q {ort-render-reversed-calltree 	 }
c { }
c {   }
q {p }
c { }
q {ort-toggle-entry  }
c { }
c {   }
q {p }
c { }
q {ort-write-profile 	 }
c { }
c {   }
q {s }
c { }
q {et }
d
