s
tts_sync_state all 1 0 175
c { }
q {Type  }
c { }
q {M-RET }
c { }
q {on  }
c { }
q {a  }
c { }
q {completion  }
c { }
q {to  }
c { }
q {select  }
c { }
q {it.  }
c { }
q {Type  }
c { }
q {M- }
c { }
q {less  }
c { }
q {than  }
c { }
q {down }
c { }
q {greater  }
c { }
q {than   }
c { }
q {or  }
c { }
q {M- }
c { }
q {less  }
c { }
q {than  }
c { }
q {up }
c { }
q {greater  }
c { }
q {than   }
c { }
q {to  }
c { }
q {move  }
c { }
q {point  }
c { }
q {between  }
c { }
q {completions.   }
c { }
c {   }
q {29 }
c { }
c {   }
c { }
c { }
c {   }
q {possible  }
c { }
c { }
c {   }
q {completions: }
c { }
c {   }
c { }
c { }
c {   }
q {a }
c { }
q {dd-cleanup-pattern }
c {   }
c { }
c { }
c {   }
q {(C-e  }
c { }
c { }
c {   }
q {d  }
c { }
c { }
c {   }
q {a) }
c { }
c { }
c {   }
q {c }
c { }
q {loud }
c {   }
c { }
c { }
c {   }
q {(C-e  }
c { }
c { }
c {   }
q {d  }
c { }
c { }
c {   }
q {C-c) }
c { }
c { }
c {   }
q {l }
c { }
q {ocal-server }
c {   }
c { }
c { }
c {   }
q {(C-e  }
c { }
c { }
c {   }
q {d  }
c { }
c { }
c {   }
q {L) }
c { }
c { }
c {   }
q {n }
c { }
q {otify-initialize }
c {   }
c { }
c { }
c {   }
q {(C-e  }
c { }
c { }
c {   }
q {d  }
c { }
c { }
c {   }
q {C-n) }
c { }
c { }
c {   }
q {n }
c { }
q {otify-stop }
c {   }
c { }
c { }
c {   }
q {(C-e  }
c { }
c { }
c {   }
q {d .) }
c { }
c { }
c {   }
q {r }
c { }
q {ate-adjust }
c {   }
c { }
c { }
c {   }
q {(C-e  }
c { }
c { }
c {   }
q {d  }
c { }
c { }
c {   }
q {-) }
c { }
c { }
c {   }
q {r }
c { }
q {eset-state }
c {   }
c { }
c { }
c {   }
q {(C-e  }
c { }
c { }
c {   }
q {d  }
c { }
c { }
c {   }
q {R) }
c { }
c { }
c {   }
q {s }
c { }
q {elect-server }
c {   }
c { }
c { }
c {   }
q {(C-e  }
c { }
c { }
c {   }
q {d  }
c { }
c { }
c {   }
q {d) }
c { }
c { }
c {   }
q {s }
c { }
q {et-character-scale }
c {   }
c { }
c { }
c {   }
q {(C-e  }
c { }
c { }
c {   }
q {d  }
c { }
c { }
c {   }
q {f) }
c { }
c { }
c {   }
q {s }
c { }
q {et-chunk-separator-syntax }
c {   }
c { }
c { }
c {   }
q {(C-e  }
c { }
c { }
c {   }
q {d  }
c { }
c { }
c {   }
q {C-j) }
c { }
c { }
c {   }
q {s }
c { }
q {et-language }
c {   }
c { }
c { }
c {   }
q {(C-e  }
c { }
c { }
c {   }
q {d  }
c { }
c { }
c {   }
q {S) }
c { }
c { }
c {   }
q {s }
c { }
q {et-next-language }
c {   }
c { }
c { }
c {   }
q {(C-e  }
c { }
c { }
c {   }
q {d  }
c { }
c { }
c {   }
q {N) }
c { }
c { }
c {   }
q {s }
c { }
q {et-predefined-speech-rate }
c {   }
c { }
c { }
c {   }
q {(C-e  }
c { }
c { }
c {   }
q {d  }
c { }
c { }
c {   }
q {9) }
c { }
c { }
c {   }
q {s }
c { }
q {et-preferred-language  }
c { }
c {   }
q {s }
c { }
q {et-previous-language }
c {   }
c { }
c { }
c {   }
q {(C-e  }
c { }
c { }
c {   }
q {d  }
c { }
c { }
c {   }
q {P) }
c { }
c { }
c {   }
q {s }
c { }
q {et-punctuations }
c {   }
c { }
c { }
c {   }
q {(C-e  }
c { }
c { }
c {   }
q {d  }
c { }
c { }
c {   }
q {p) }
c { }
c { }
c {   }
q {s }
c { }
q {et-punctuations-to-all 	 }
c { }
c {   }
q {s }
c { }
q {et-punctuations-to-some  }
c { }
c {   }
q {s }
c { }
q {et-rate }
c {   }
c { }
c { }
c {   }
q {(C-e  }
c { }
c { }
c {   }
q {d  }
c { }
c { }
c {   }
q {r) }
c { }
c { }
c {   }
q {s }
c { }
q {top }
c {   }
c { }
c { }
c {   }
q {(C-e  }
c { }
c { }
c {   }
q {s) }
c { }
c { }
c {   }
q {t }
c { }
q {oggle-caps }
c {   }
c { }
c { }
c {   }
q {(C-e  }
c { }
c { }
c {   }
q {d  }
c { }
c { }
c {   }
q {c) }
c { }
c { }
c {   }
q {t }
c { }
q {oggle-punctuation-mode }
c {   }
c { }
c { }
c {   }
q {(C-e  }
c { }
c { }
c {   }
q {d ,) }
c { }
c { }
c {   }
q {t }
c { }
q {oggle-quiet }
c {   }
c { }
c { }
c {   }
q {(C-e  }
c { }
c { }
c {   }
q {d  }
c { }
c { }
c {   }
q {q) }
c { }
c { }
c {   }
q {t }
c { }
q {oggle-speak-nonprinting-chars }
c {   }
c { }
c { }
c {   }
q {(C-e  }
c { }
c { }
c {   }
q {d  }
c { }
c { }
c {   }
q {n) }
c { }
c { }
c {   }
q {t }
c { }
q {oggle-split-caps }
c {   }
c { }
c { }
c {   }
q {(C-e  }
c { }
c { }
c {   }
q {d  }
c { }
c { }
c {   }
q {s) }
c { }
c { }
c {   }
q {t }
c { }
q {oggle-splitting-on-white-space }
c {   }
c { }
c { }
c {   }
q {(C-e  }
c { }
c { }
c {   }
q {d  }
c { }
c { }
c {   }
q {SPC) }
c { }
c { }
c {   }
q {t }
c { }
q {oggle-strip-octals }
c {   }
c { }
c { }
c {   }
q {(C-e  }
c { }
c { }
c {   }
q {d  }
c { }
c { }
c {   }
q {o) }
c { }
c { }
c {   }
q {u }
c { }
q {nicode-customize-char  }
c { }
c {   }
q {u }
c { }
q {nicode-uncustomize-char }
d
