s
tts_sync_state all 1 0 175
c { }
q {Type  }
c { }
q {M-RET }
c { }
q {on  }
c { }
q {a  }
c { }
q {completion  }
c { }
q {to  }
c { }
q {select  }
c { }
q {it.  }
c { }
q {Type  }
c { }
q {M- }
c { }
q {less  }
c { }
q {than  }
c { }
q {down }
c { }
q {greater  }
c { }
q {than   }
c { }
q {or  }
c { }
q {M- }
c { }
q {less  }
c { }
q {than  }
c { }
q {up }
c { }
q {greater  }
c { }
q {than   }
c { }
q {to  }
c { }
q {move  }
c { }
q {point  }
c { }
q {between  }
c { }
q {completions.   }
c { }
c {   }
q {73 }
c { }
c {   }
c { }
c { }
c {   }
q {possible  }
c { }
c { }
c {   }
q {completions: }
c { }
c {   }
c { }
c { }
c {   }
q {- }
c { }
q {add 	 }
c { }
c {   }
q {- }
c { }
q {backsla }
q {-region  }
c { }
c {   }
q {- }
c { }
q {base-mode 	 }
c { }
c {   }
q {- }
c { }
q {basic-indent-line  }
c { }
c {   }
q {- }
c { }
q {beginning-of-command 	 }
c { }
c {   }
q {- }
c { }
q {case  }
c { }
c {   }
q {- }
c { }
q {cd-here 	 }
c { }
c {   }
q {- }
c { }
q {electric-here-document-mode  }
c { }
c {   }
q {- }
c { }
q {end-of-command 	 }
c { }
c {   }
q {- }
c { }
q {execute-region  }
c { }
c {   }
q {- }
c { }
q {for 	 }
c { }
c {   }
q {- }
c { }
q {function  }
c { }
c {   }
q {- }
c { }
q {if 	 }
c { }
c {   }
q {- }
c { }
q {indexed-loop  }
c { }
c {   }
q {- }
c { }
q {load-style 	 }
c { }
c {   }
q {- }
c { }
q {make-vars-local  }
c { }
c {   }
q {- }
c { }
q {mode 	 }
c { }
c {   }
q {- }
c { }
q {mode-menu  }
c { }
c {   }
q {- }
c { }
q {name-style 	 }
c { }
c {   }
q {- }
c { }
q {repeat  }
c { }
c {   }
q {- }
c { }
q {reset-indent-vars-to-global-values 	 }
c { }
c {   }
q {- }
c { }
q {save-styles-to-buffer  }
c { }
c {   }
q {- }
c { }
q {select 	 }
c { }
c {   }
q {- }
c { }
q {send-line-or-region-and-step  }
c { }
c {   }
q {- }
c { }
q {set- }
q {ell 	 }
c { }
c {   }
q {- }
c { }
q {ow- }
q {ell  }
c { }
c {   }
q {- }
c { }
q {tmp-file 	 }
c { }
c {   }
q {- }
c { }
q {until  }
c { }
c {   }
q {- }
c { }
q {while 	 }
c { }
c {   }
q {- }
c { }
q {while-getopts  }
c { }
c {   }
q {a }
c { }
q {dow-define-cluster 	 }
c { }
c {   }
q {a }
c { }
q {dow-define-literal-group  }
c { }
c {   }
q {a }
c { }
q {dow-define-regexp-group 	 }
c { }
c {   }
q {a }
c { }
q {dow-initialize  }
c { }
c {   }
q {e }
c { }
q {ll 	 }
c { }
c {   }
q {e }
c { }
q {ll-backward-command  }
c { }
c {   }
q {e }
c { }
q {ll-command }
c {   }
c { }
c { }
c {   }
q {(M-!) }
c { }
c { }
c {   }
q {e }
c { }
q {ll-command-on-region }
c {   }
c { }
c { }
c {   }
q {(M- }
c { }
c {   }
c { }
c { }
c {   }
q {pipe  }
c { }
c {   }
q {) }
c { }
c { }
c {   }
q {e }
c { }
q {ll-command-with-editor-mode 	 }
c { }
c {   }
q {e }
c { }
q {ll-copy-environment-variable  }
c { }
c {   }
q {e }
c { }
q {ll-dirtrack-mode 	 }
c { }
c {   }
q {e }
c { }
q {ll-dynamic-complete-command  }
c { }
c {   }
q {e }
c { }
q {ll-dynamic-complete-environment-variable 	 }
c { }
c {   }
q {e }
c { }
q {ll-dynamic-complete-filename  }
c { }
c {   }
q {e }
c { }
q {ll-forward-command 	 }
c { }
c {   }
q {e }
c { }
q {ll-highlight-undef-mode  }
c { }
c {   }
q {e }
c { }
q {ll-narrow-to-prompt 	 }
c { }
c {   }
q {e }
c { }
q {ll-replace-by-expanded-directory  }
c { }
c {   }
q {e }
c { }
q {ll-resync-dirs 	 }
c { }
c {   }
q {e }
c { }
q {ll-script-mode }
c {   }
c { }
c { }
c {   }
q {( }
c { }
c {   }
q {-mode) }
c { }
c { }
c {   }
q {o }
c { }
q {rtdoc }
c {   }
c { }
c { }
c {   }
q {( }
c { }
c {   }
q {ortdoc-display-group) }
c { }
c { }
c {   }
q {o }
c { }
q {rtdoc-display-group  }
c { }
c {   }
q {o }
c { }
q {w-paren-local-mode 	 }
c { }
c {   }
q {o }
c { }
q {w-paren-mode  }
c { }
c {   }
q {r }
c { }
q {-browse-image 	 }
c { }
c {   }
q {r }
c { }
q {-browse-url  }
c { }
c {   }
q {r }
c { }
q {-copy-url 	 }
c { }
c {   }
q {r }
c { }
q {-insert-image  }
c { }
c {   }
q {r }
c { }
q {-maybe-probe-and-copy-url 	 }
c { }
c {   }
q {r }
c { }
q {-mouse-browse-url  }
c { }
c {   }
q {r }
c { }
q {-mouse-browse-url-new-window 	 }
c { }
c {   }
q {r }
c { }
q {-next-link  }
c { }
c {   }
q {r }
c { }
q {-previous-link 	 }
c { }
c {   }
q {r }
c { }
q {-probe-and-copy-url  }
c { }
c {   }
q {r }
c { }
q {-probe-url 	 }
c { }
c {   }
q {r }
c { }
q {-render-buffer  }
c { }
c {   }
q {r }
c { }
q {-render-region 	 }
c { }
c {   }
q {r }
c { }
q {-save-contents  }
c { }
c {   }
q {r }
c { }
q {- }
q {ow-alt-text 	 }
c { }
c {   }
q {r }
c { }
q {-zoom-image  }
c { }
c {   }
q {r }
c { }
q {ink-window 	 }
c { }
c {   }
q {r }
c { }
q {ink-window-horizontally }
c {   }
c { }
c { }
c {   }
q {(C-x  }
c { }
c {   }
c { }
c { }
c {   }
q {left  }
c { }
c { }
c {   }
q {brace  }
c { }
c {   }
q {) }
c { }
c { }
c {   }
q {r }
c { }
q {ink-window-if-larger-than-buffer }
c {   }
c { }
c { }
c {   }
q {(C-x  }
c { }
c { }
c {   }
q {-) }
c { }
d
