s
tts_sync_state all 1 0 175
c { }
c {   }
q {''' }
c { }
c { }
c {   }
q {Iterate in pairs,  }
c { }
c { }
c {   }
q {such that  }
c { }
c {   }
q { left bracket  }
c { }
c {   }
q {a,  }
c { }
c { }
c {   }
q {b,  }
c { }
c { }
c {   }
q {c,  }
c { }
c { }
c {   }
q {d,  }
c { }
c {   }
c { }
c { }
c {   }
q {aw 3 .  }
c { }
c { }
c {   }
q {right bracket  }
c { }
c {   }
q { becomes  }
c { }
c {   }
q { left bracket  }
c { }
c {   }
q {(a,  }
c { }
c { }
c {   }
q {b),  }
c { }
c { }
c {   }
q {(c,  }
c { }
c { }
c {   }
q {d),  }
c { }
c {   }
c { }
c { }
c {   }
q {aw 3 .  }
c { }
c { }
c {   }
q {right bracket  }
c { }
d
